2022-12-27 14:24:52.601 | DEBUG    | hcaptcha_challenger._solutions.kernel:_request_asset:320 - Downloading objects.yaml from https://raw.githubusercontent.com/QIN2DIM/hcaptcha-challenger/main/src/objects.yaml
2022-12-27 14:24:52.729 | DEBUG    | hcaptcha_challenger._solutions.kernel:request_assets:148 - Pulling AssetsObject from https://api.github.com/repos/QIN2DIM/hcaptcha-challenger/releases
2022-12-27 14:24:52.964 | DEBUG    | hcaptcha_challenger._solutions.kernel:_request_asset:320 - Downloading yolov6n.onnx from https://github.com/QIN2DIM/hcaptcha-challenger/releases/download/model/yolov6n.onnx
2022-12-27 14:24:55.317 | INFO     | services.deploy:job_loop_claim:104 - >> STARTUP [AwesomeScheduler] SynergyTunnel - version=0.4.4-dev Pattern=False
2022-12-27 14:24:56.366 | INFO     | services.bricklayer.core:refresh_ctx_cookies:691 - >> MATCH [__context__] 🎮启动挑战者上下文
2022-12-27 14:24:56.406 | INFO     | services.bricklayer.core:login:491 - >> MATCH [CookieManager] 刷新令牌
2022-12-27 14:25:08.255 | INFO     | services.bricklayer.core:login:526 - >> MATCH [CookieManager] 实体信息注入完毕
2022-12-27 14:25:08.256 | INFO     | services.bricklayer.core:fall_in_captcha_login:36 - >> ARMOR [ArmorUtils] 正在检测隐藏在登录界面的人机挑战...
2022-12-27 14:25:10.515 | DEBUG    | hcaptcha_challenger.core:log:315 - >> Challenge [ArmorCaptcha] Get label - label=「向日葵」
2022-12-27 14:25:10.515 | DEBUG    | hcaptcha_challenger.core:log:315 - >> Challenge [ArmorCaptcha] 正在编排索引
2022-12-27 14:25:11.061 | DEBUG    | hcaptcha_challenger.core:log:315 - >> Challenge [ArmorCaptcha] 正在下载挑战图片
2022-12-27 14:25:12.269 | DEBUG    | hcaptcha_challenger.core:log:315 - >> Challenge [ArmorCaptcha] Download challenge images - timeit=1.21s
2022-12-27 14:25:12.592 | DEBUG    | hcaptcha_challenger._solutions.kernel:_request_asset:320 - Downloading sunflower.onnx from https://github.com/QIN2DIM/hcaptcha-challenger/releases/download/model/sunflower.onnx
2022-12-27 14:25:14.750 | DEBUG    | hcaptcha_challenger.core:log:315 - >> Challenge [ArmorCaptcha] Submit the challenge - sunflower(ResNet)_model: 0.79s
2022-12-27 14:25:14.760 | DEBUG    | hcaptcha_challenger.core:log:315 - >> Challenge [ArmorCaptcha] 获取响应 - desc=继续挑战(continue)
2022-12-27 14:25:16.778 | DEBUG    | hcaptcha_challenger.core:log:315 - >> Challenge [ArmorCaptcha] Get label - label=「向日葵」
2022-12-27 14:25:16.778 | DEBUG    | hcaptcha_challenger.core:log:315 - >> Challenge [ArmorCaptcha] 正在编排索引
2022-12-27 14:25:17.241 | DEBUG    | hcaptcha_challenger.core:log:315 - >> Challenge [ArmorCaptcha] 正在下载挑战图片
2022-12-27 14:25:18.311 | DEBUG    | hcaptcha_challenger.core:log:315 - >> Challenge [ArmorCaptcha] Download challenge images - timeit=1.07s
2022-12-27 14:25:19.931 | DEBUG    | hcaptcha_challenger.core:log:315 - >> Challenge [ArmorCaptcha] Submit the challenge - sunflower(ResNet)_model: 0.08s
2022-12-27 14:25:19.949 | DEBUG    | hcaptcha_challenger.core:log:315 - >> Challenge [ArmorCaptcha] Checkout - status=再试一次
2022-12-27 14:25:19.949 | DEBUG    | hcaptcha_challenger.core:log:315 - >> Challenge [ArmorCaptcha] 获取响应 - desc=继续挑战(continue)
2022-12-27 14:25:21.952 | INFO     | services.bricklayer.core:login:491 - >> MATCH [CookieManager] 刷新令牌
2022-12-27 14:25:33.253 | INFO     | services.bricklayer.core:login:526 - >> MATCH [CookieManager] 实体信息注入完毕
2022-12-27 14:25:33.253 | INFO     | services.bricklayer.core:fall_in_captcha_login:36 - >> ARMOR [ArmorUtils] 正在检测隐藏在登录界面的人机挑战...
2022-12-27 14:25:35.372 | DEBUG    | hcaptcha_challenger.core:log:315 - >> Challenge [ArmorCaptcha] Get label - label=「刺猬在岩石上」
2022-12-27 14:25:35.372 | DEBUG    | hcaptcha_challenger.core:log:315 - >> Challenge [ArmorCaptcha] 正在编排索引
2022-12-27 14:25:35.837 | DEBUG    | hcaptcha_challenger.core:log:315 - >> Challenge [ArmorCaptcha] 正在下载挑战图片
2022-12-27 14:25:36.650 | DEBUG    | hcaptcha_challenger.core:log:315 - >> Challenge [ArmorCaptcha] Download challenge images - timeit=0.81s
2022-12-27 14:25:36.720 | DEBUG    | hcaptcha_challenger._solutions.kernel:_request_asset:320 - Downloading hedgehog_on_rocks.onnx from https://github.com/QIN2DIM/hcaptcha-challenger/releases/download/model/hedgehog_on_rocks.onnx
2022-12-27 14:25:39.387 | DEBUG    | hcaptcha_challenger.core:log:315 - >> Challenge [ArmorCaptcha] Submit the challenge - hedgehog_on_rocks(ResNet)_model: 0.92s
2022-12-27 14:25:39.400 | DEBUG    | hcaptcha_challenger.core:log:315 - >> Challenge [ArmorCaptcha] 获取响应 - desc=继续挑战(continue)
2022-12-27 14:25:41.419 | DEBUG    | hcaptcha_challenger.core:log:315 - >> Challenge [ArmorCaptcha] Get label - label=「刺猬在岩石上」
2022-12-27 14:25:41.419 | DEBUG    | hcaptcha_challenger.core:log:315 - >> Challenge [ArmorCaptcha] 正在编排索引
2022-12-27 14:25:41.855 | DEBUG    | hcaptcha_challenger.core:log:315 - >> Challenge [ArmorCaptcha] 正在下载挑战图片
2022-12-27 14:25:42.700 | DEBUG    | hcaptcha_challenger.core:log:315 - >> Challenge [ArmorCaptcha] Download challenge images - timeit=0.85s
2022-12-27 14:25:44.815 | DEBUG    | hcaptcha_challenger.core:log:315 - >> Challenge [ArmorCaptcha] Submit the challenge - hedgehog_on_rocks(ResNet)_model: 0.61s
2022-12-27 14:25:44.834 | DEBUG    | hcaptcha_challenger.core:log:315 - >> Challenge [ArmorCaptcha] Checkout - status=再试一次
2022-12-27 14:25:44.834 | DEBUG    | hcaptcha_challenger.core:log:315 - >> Challenge [ArmorCaptcha] 获取响应 - desc=继续挑战(continue)
2022-12-27 14:25:46.838 | INFO     | services.bricklayer.core:login:491 - >> MATCH [CookieManager] 刷新令牌
2022-12-27 14:25:55.737 | INFO     | services.bricklayer.core:login:526 - >> MATCH [CookieManager] 实体信息注入完毕
2022-12-27 14:25:55.737 | INFO     | services.bricklayer.core:fall_in_captcha_login:36 - >> ARMOR [ArmorUtils] 正在检测隐藏在登录界面的人机挑战...
2022-12-27 14:25:57.881 | DEBUG    | hcaptcha_challenger.core:log:315 - >> Challenge [ArmorCaptcha] Get label - label=「刺猬在岩石上」
2022-12-27 14:25:57.882 | DEBUG    | hcaptcha_challenger.core:log:315 - >> Challenge [ArmorCaptcha] 正在编排索引
2022-12-27 14:25:58.345 | DEBUG    | hcaptcha_challenger.core:log:315 - >> Challenge [ArmorCaptcha] 正在下载挑战图片
2022-12-27 14:25:59.800 | DEBUG    | hcaptcha_challenger.core:log:315 - >> Challenge [ArmorCaptcha] Download challenge images - timeit=1.46s
2022-12-27 14:26:02.193 | DEBUG    | hcaptcha_challenger.core:log:315 - >> Challenge [ArmorCaptcha] Submit the challenge - hedgehog_on_rocks(ResNet)_model: 0.62s
2022-12-27 14:26:02.205 | DEBUG    | hcaptcha_challenger.core:log:315 - >> Challenge [ArmorCaptcha] 获取响应 - desc=继续挑战(continue)
2022-12-27 14:26:04.222 | DEBUG    | hcaptcha_challenger.core:log:315 - >> Challenge [ArmorCaptcha] Get label - label=「刺猬在岩石上」
2022-12-27 14:26:04.222 | DEBUG    | hcaptcha_challenger.core:log:315 - >> Challenge [ArmorCaptcha] 正在编排索引
2022-12-27 14:26:04.622 | DEBUG    | hcaptcha_challenger.core:log:315 - >> Challenge [ArmorCaptcha] 正在下载挑战图片
2022-12-27 14:26:05.695 | DEBUG    | hcaptcha_challenger.core:log:315 - >> Challenge [ArmorCaptcha] Download challenge images - timeit=1.07s
2022-12-27 14:26:07.782 | DEBUG    | hcaptcha_challenger.core:log:315 - >> Challenge [ArmorCaptcha] Submit the challenge - hedgehog_on_rocks(ResNet)_model: 0.61s
2022-12-27 14:26:07.800 | DEBUG    | hcaptcha_challenger.core:log:315 - >> Challenge [ArmorCaptcha] Checkout - status=再试一次
2022-12-27 14:26:07.800 | DEBUG    | hcaptcha_challenger.core:log:315 - >> Challenge [ArmorCaptcha] 获取响应 - desc=继续挑战(continue)
2022-12-27 14:26:09.803 | INFO     | services.bricklayer.core:login:491 - >> MATCH [CookieManager] 刷新令牌
2022-12-27 14:26:18.625 | INFO     | services.bricklayer.core:login:526 - >> MATCH [CookieManager] 实体信息注入完毕
2022-12-27 14:26:18.625 | INFO     | services.bricklayer.core:fall_in_captcha_login:36 - >> ARMOR [ArmorUtils] 正在检测隐藏在登录界面的人机挑战...
2022-12-27 14:26:20.791 | DEBUG    | hcaptcha_challenger.core:log:315 - >> Challenge [ArmorCaptcha] Get label - label=「瓢虫」
2022-12-27 14:26:20.791 | DEBUG    | hcaptcha_challenger.core:log:315 - >> Challenge [ArmorCaptcha] 正在编排索引
2022-12-27 14:26:21.192 | DEBUG    | hcaptcha_challenger.core:log:315 - >> Challenge [ArmorCaptcha] 正在下载挑战图片
2022-12-27 14:26:22.061 | DEBUG    | hcaptcha_challenger.core:log:315 - >> Challenge [ArmorCaptcha] Download challenge images - timeit=0.87s
2022-12-27 14:26:22.064 | DEBUG    | hcaptcha_challenger._solutions.kernel:_request_asset:320 - Downloading ladybug.onnx from https://github.com/QIN2DIM/hcaptcha-challenger/releases/download/model/ladybug.onnx
2022-12-27 14:26:24.297 | DEBUG    | hcaptcha_challenger.core:log:315 - >> Challenge [ArmorCaptcha] Submit the challenge - ladybug(ResNet)_model: 0.28s
2022-12-27 14:26:24.307 | DEBUG    | hcaptcha_challenger.core:log:315 - >> Challenge [ArmorCaptcha] 获取响应 - desc=继续挑战(continue)
2022-12-27 14:26:26.328 | DEBUG    | hcaptcha_challenger.core:log:315 - >> Challenge [ArmorCaptcha] Get label - label=「瓢虫」
2022-12-27 14:26:26.329 | DEBUG    | hcaptcha_challenger.core:log:315 - >> Challenge [ArmorCaptcha] 正在编排索引
2022-12-27 14:26:27.243 | DEBUG    | hcaptcha_challenger.core:log:315 - >> Challenge [ArmorCaptcha] Get label - label=「瓢虫」
2022-12-27 14:26:27.244 | DEBUG    | hcaptcha_challenger.core:log:315 - >> Challenge [ArmorCaptcha] 正在编排索引
2022-12-27 14:26:27.780 | DEBUG    | hcaptcha_challenger.core:log:315 - >> Challenge [ArmorCaptcha] 正在下载挑战图片
2022-12-27 14:26:28.612 | DEBUG    | hcaptcha_challenger.core:log:315 - >> Challenge [ArmorCaptcha] Download challenge images - timeit=0.83s
2022-12-27 14:26:30.430 | DEBUG    | hcaptcha_challenger.core:log:315 - >> Challenge [ArmorCaptcha] Submit the challenge - ladybug(ResNet)_model: 0.01s
2022-12-27 14:26:30.442 | DEBUG    | hcaptcha_challenger.core:log:315 - >> Challenge [ArmorCaptcha] 获取响应 - desc=继续挑战(continue)
2022-12-27 14:26:32.465 | DEBUG    | hcaptcha_challenger.core:log:315 - >> Challenge [ArmorCaptcha] Get label - label=「瓢虫」
2022-12-27 14:26:32.465 | DEBUG    | hcaptcha_challenger.core:log:315 - >> Challenge [ArmorCaptcha] 正在编排索引
2022-12-27 14:26:33.531 | DEBUG    | hcaptcha_challenger.core:log:315 - >> Challenge [ArmorCaptcha] 正在下载挑战图片
2022-12-27 14:26:34.371 | DEBUG    | hcaptcha_challenger.core:log:315 - >> Challenge [ArmorCaptcha] Download challenge images - timeit=0.84s
2022-12-27 14:26:36.212 | DEBUG    | hcaptcha_challenger.core:log:315 - >> Challenge [ArmorCaptcha] Submit the challenge - ladybug(ResNet)_model: 0.47s
2022-12-27 14:26:36.227 | DEBUG    | hcaptcha_challenger.core:log:315 - >> Challenge [ArmorCaptcha] Checkout - status=再试一次
2022-12-27 14:26:36.227 | DEBUG    | hcaptcha_challenger.core:log:315 - >> Challenge [ArmorCaptcha] 获取响应 - desc=继续挑战(continue)
2022-12-27 14:26:38.230 | INFO     | services.bricklayer.core:login:491 - >> MATCH [CookieManager] 刷新令牌
2022-12-27 14:26:47.079 | INFO     | services.bricklayer.core:login:526 - >> MATCH [CookieManager] 实体信息注入完毕
2022-12-27 14:26:47.079 | INFO     | services.bricklayer.core:fall_in_captcha_login:36 - >> ARMOR [ArmorUtils] 正在检测隐藏在登录界面的人机挑战...
2022-12-27 14:26:49.197 | DEBUG    | hcaptcha_challenger.core:log:315 - >> Challenge [ArmorCaptcha] Get label - label=「瓢虫」
2022-12-27 14:26:49.197 | DEBUG    | hcaptcha_challenger.core:log:315 - >> Challenge [ArmorCaptcha] 正在编排索引
2022-12-27 14:26:49.590 | DEBUG    | hcaptcha_challenger.core:log:315 - >> Challenge [ArmorCaptcha] 正在下载挑战图片
2022-12-27 14:26:50.449 | DEBUG    | hcaptcha_challenger.core:log:315 - >> Challenge [ArmorCaptcha] Download challenge images - timeit=0.86s
2022-12-27 14:26:52.294 | DEBUG    | hcaptcha_challenger.core:log:315 - >> Challenge [ArmorCaptcha] Submit the challenge - ladybug(ResNet)_model: 0.01s
2022-12-27 14:26:52.305 | DEBUG    | hcaptcha_challenger.core:log:315 - >> Challenge [ArmorCaptcha] 获取响应 - desc=继续挑战(continue)
2022-12-27 14:26:54.323 | DEBUG    | hcaptcha_challenger.core:log:315 - >> Challenge [ArmorCaptcha] Get label - label=「瓢虫」
2022-12-27 14:26:54.324 | DEBUG    | hcaptcha_challenger.core:log:315 - >> Challenge [ArmorCaptcha] 正在编排索引
2022-12-27 14:26:55.380 | DEBUG    | hcaptcha_challenger.core:log:315 - >> Challenge [ArmorCaptcha] 正在下载挑战图片
2022-12-27 14:26:56.205 | DEBUG    | hcaptcha_challenger.core:log:315 - >> Challenge [ArmorCaptcha] Download challenge images - timeit=0.82s
2022-12-27 14:26:57.740 | DEBUG    | hcaptcha_challenger.core:log:315 - >> Challenge [ArmorCaptcha] Submit the challenge - ladybug(ResNet)_model: 0.47s
2022-12-27 14:26:57.757 | DEBUG    | hcaptcha_challenger.core:log:315 - >> Challenge [ArmorCaptcha] Checkout - status=再试一次
2022-12-27 14:26:57.757 | DEBUG    | hcaptcha_challenger.core:log:315 - >> Challenge [ArmorCaptcha] 获取响应 - desc=继续挑战(continue)
2022-12-27 14:26:59.760 | INFO     | services.bricklayer.core:login:491 - >> MATCH [CookieManager] 刷新令牌
2022-12-27 14:27:08.673 | INFO     | services.bricklayer.core:login:526 - >> MATCH [CookieManager] 实体信息注入完毕
2022-12-27 14:27:08.673 | INFO     | services.bricklayer.core:fall_in_captcha_login:36 - >> ARMOR [ArmorUtils] 正在检测隐藏在登录界面的人机挑战...
2022-12-27 14:27:10.835 | DEBUG    | hcaptcha_challenger.core:log:315 - >> Challenge [ArmorCaptcha] Get label - label=「刺猬在岩石上」
2022-12-27 14:27:10.835 | DEBUG    | hcaptcha_challenger.core:log:315 - >> Challenge [ArmorCaptcha] 正在编排索引
2022-12-27 14:27:11.243 | DEBUG    | hcaptcha_challenger.core:log:315 - >> Challenge [ArmorCaptcha] 正在下载挑战图片
2022-12-27 14:27:12.052 | DEBUG    | hcaptcha_challenger.core:log:315 - >> Challenge [ArmorCaptcha] Download challenge images - timeit=0.81s
2022-12-27 14:27:14.441 | DEBUG    | hcaptcha_challenger.core:log:315 - >> Challenge [ArmorCaptcha] Submit the challenge - hedgehog_on_rocks(ResNet)_model: 0.6s
2022-12-27 14:27:14.452 | DEBUG    | hcaptcha_challenger.core:log:315 - >> Challenge [ArmorCaptcha] 获取响应 - desc=继续挑战(continue)
2022-12-27 14:27:16.470 | DEBUG    | hcaptcha_challenger.core:log:315 - >> Challenge [ArmorCaptcha] Get label - label=「刺猬在岩石上」
2022-12-27 14:27:16.470 | DEBUG    | hcaptcha_challenger.core:log:315 - >> Challenge [ArmorCaptcha] 正在编排索引
2022-12-27 14:27:16.880 | DEBUG    | hcaptcha_challenger.core:log:315 - >> Challenge [ArmorCaptcha] 正在下载挑战图片
2022-12-27 14:27:17.693 | DEBUG    | hcaptcha_challenger.core:log:315 - >> Challenge [ArmorCaptcha] Download challenge images - timeit=0.81s
2022-12-27 14:27:20.193 | DEBUG    | hcaptcha_challenger.core:log:315 - >> Challenge [ArmorCaptcha] Submit the challenge - hedgehog_on_rocks(ResNet)_model: 0.61s
2022-12-27 14:27:20.213 | DEBUG    | hcaptcha_challenger.core:log:315 - >> Challenge [ArmorCaptcha] Checkout - status=再试一次
2022-12-27 14:27:20.213 | DEBUG    | hcaptcha_challenger.core:log:315 - >> Challenge [ArmorCaptcha] 获取响应 - desc=继续挑战(continue)
2022-12-27 14:27:22.216 | INFO     | services.bricklayer.core:login:491 - >> MATCH [CookieManager] 刷新令牌
2022-12-27 14:27:30.815 | INFO     | services.bricklayer.core:login:526 - >> MATCH [CookieManager] 实体信息注入完毕
2022-12-27 14:27:30.815 | INFO     | services.bricklayer.core:fall_in_captcha_login:36 - >> ARMOR [ArmorUtils] 正在检测隐藏在登录界面的人机挑战...
2022-12-27 14:27:32.967 | DEBUG    | hcaptcha_challenger.core:log:315 - >> Challenge [ArmorCaptcha] Get label - label=「刺猬在岩石上」
2022-12-27 14:27:32.967 | DEBUG    | hcaptcha_challenger.core:log:315 - >> Challenge [ArmorCaptcha] 正在编排索引
2022-12-27 14:27:33.381 | DEBUG    | hcaptcha_challenger.core:log:315 - >> Challenge [ArmorCaptcha] 正在下载挑战图片
2022-12-27 14:27:34.209 | DEBUG    | hcaptcha_challenger.core:log:315 - >> Challenge [ArmorCaptcha] Download challenge images - timeit=0.83s
2022-12-27 14:27:36.324 | DEBUG    | hcaptcha_challenger.core:log:315 - >> Challenge [ArmorCaptcha] Submit the challenge - hedgehog_on_rocks(ResNet)_model: 0.61s
2022-12-27 14:27:36.335 | DEBUG    | hcaptcha_challenger.core:log:315 - >> Challenge [ArmorCaptcha] 获取响应 - desc=继续挑战(continue)
2022-12-27 14:27:38.351 | DEBUG    | hcaptcha_challenger.core:log:315 - >> Challenge [ArmorCaptcha] Get label - label=「刺猬在岩石上」
2022-12-27 14:27:38.352 | DEBUG    | hcaptcha_challenger.core:log:315 - >> Challenge [ArmorCaptcha] 正在编排索引
2022-12-27 14:27:38.731 | DEBUG    | hcaptcha_challenger.core:log:315 - >> Challenge [ArmorCaptcha] 正在下载挑战图片
2022-12-27 14:27:39.547 | DEBUG    | hcaptcha_challenger.core:log:315 - >> Challenge [ArmorCaptcha] Download challenge images - timeit=0.82s
2022-12-27 14:27:41.927 | DEBUG    | hcaptcha_challenger.core:log:315 - >> Challenge [ArmorCaptcha] Submit the challenge - hedgehog_on_rocks(ResNet)_model: 0.6s
2022-12-27 14:27:41.946 | DEBUG    | hcaptcha_challenger.core:log:315 - >> Challenge [ArmorCaptcha] Checkout - status=再试一次
2022-12-27 14:27:41.946 | DEBUG    | hcaptcha_challenger.core:log:315 - >> Challenge [ArmorCaptcha] 获取响应 - desc=继续挑战(continue)
2022-12-27 14:27:43.949 | INFO     | services.bricklayer.core:login:491 - >> MATCH [CookieManager] 刷新令牌
2022-12-27 14:27:52.992 | INFO     | services.bricklayer.core:login:526 - >> MATCH [CookieManager] 实体信息注入完毕
2022-12-27 14:27:52.993 | INFO     | services.bricklayer.core:fall_in_captcha_login:36 - >> ARMOR [ArmorUtils] 正在检测隐藏在登录界面的人机挑战...
2022-12-27 14:27:55.156 | DEBUG    | hcaptcha_challenger.core:log:315 - >> Challenge [ArmorCaptcha] Get label - label=「刺猬在岩石上」
2022-12-27 14:27:55.156 | DEBUG    | hcaptcha_challenger.core:log:315 - >> Challenge [ArmorCaptcha] 正在编排索引
2022-12-27 14:27:55.585 | DEBUG    | hcaptcha_challenger.core:log:315 - >> Challenge [ArmorCaptcha] 正在下载挑战图片
2022-12-27 14:27:56.390 | DEBUG    | hcaptcha_challenger.core:log:315 - >> Challenge [ArmorCaptcha] Download challenge images - timeit=0.8s
2022-12-27 14:27:58.933 | DEBUG    | hcaptcha_challenger.core:log:315 - >> Challenge [ArmorCaptcha] Submit the challenge - hedgehog_on_rocks(ResNet)_model: 0.61s
2022-12-27 14:27:58.944 | DEBUG    | hcaptcha_challenger.core:log:315 - >> Challenge [ArmorCaptcha] 获取响应 - desc=继续挑战(continue)
2022-12-27 14:28:00.960 | DEBUG    | hcaptcha_challenger.core:log:315 - >> Challenge [ArmorCaptcha] Get label - label=「刺猬在岩石上」
2022-12-27 14:28:00.961 | DEBUG    | hcaptcha_challenger.core:log:315 - >> Challenge [ArmorCaptcha] 正在编排索引
2022-12-27 14:28:01.345 | DEBUG    | hcaptcha_challenger.core:log:315 - >> Challenge [ArmorCaptcha] 正在下载挑战图片
2022-12-27 14:28:02.182 | DEBUG    | hcaptcha_challenger.core:log:315 - >> Challenge [ArmorCaptcha] Download challenge images - timeit=0.84s
2022-12-27 14:28:04.591 | DEBUG    | hcaptcha_challenger.core:log:315 - >> Challenge [ArmorCaptcha] Submit the challenge - hedgehog_on_rocks(ResNet)_model: 0.61s
2022-12-27 14:28:04.609 | DEBUG    | hcaptcha_challenger.core:log:315 - >> Challenge [ArmorCaptcha] Checkout - status=再试一次
2022-12-27 14:28:04.610 | DEBUG    | hcaptcha_challenger.core:log:315 - >> Challenge [ArmorCaptcha] 获取响应 - desc=继续挑战(continue)
2022-12-27 14:28:06.612 | INFO     | services.bricklayer.core:login:491 - >> MATCH [CookieManager] 刷新令牌
2022-12-27 14:28:15.770 | INFO     | services.bricklayer.core:login:526 - >> MATCH [CookieManager] 实体信息注入完毕
2022-12-27 14:28:15.770 | INFO     | services.bricklayer.core:fall_in_captcha_login:36 - >> ARMOR [ArmorUtils] 正在检测隐藏在登录界面的人机挑战...
2022-12-27 14:28:17.932 | DEBUG    | hcaptcha_challenger.core:log:315 - >> Challenge [ArmorCaptcha] Get label - label=「瓢虫」
2022-12-27 14:28:17.932 | DEBUG    | hcaptcha_challenger.core:log:315 - >> Challenge [ArmorCaptcha] 正在编排索引
2022-12-27 14:28:18.359 | DEBUG    | hcaptcha_challenger.core:log:315 - >> Challenge [ArmorCaptcha] 正在下载挑战图片
2022-12-27 14:28:19.253 | DEBUG    | hcaptcha_challenger.core:log:315 - >> Challenge [ArmorCaptcha] Download challenge images - timeit=0.89s
2022-12-27 14:28:20.911 | DEBUG    | hcaptcha_challenger.core:log:315 - >> Challenge [ArmorCaptcha] Submit the challenge - ladybug(ResNet)_model: 0.01s
2022-12-27 14:28:20.921 | DEBUG    | hcaptcha_challenger.core:log:315 - >> Challenge [ArmorCaptcha] 获取响应 - desc=继续挑战(continue)
2022-12-27 14:28:22.936 | DEBUG    | hcaptcha_challenger.core:log:315 - >> Challenge [ArmorCaptcha] Get label - label=「瓢虫」
2022-12-27 14:28:22.937 | DEBUG    | hcaptcha_challenger.core:log:315 - >> Challenge [ArmorCaptcha] 正在编排索引
2022-12-27 14:28:23.949 | DEBUG    | hcaptcha_challenger.core:log:315 - >> Challenge [ArmorCaptcha] 正在下载挑战图片
2022-12-27 14:28:24.762 | DEBUG    | hcaptcha_challenger.core:log:315 - >> Challenge [ArmorCaptcha] Download challenge images - timeit=0.81s
2022-12-27 14:28:26.543 | DEBUG    | hcaptcha_challenger.core:log:315 - >> Challenge [ArmorCaptcha] Submit the challenge - ladybug(ResNet)_model: 0.41s
2022-12-27 14:28:26.558 | DEBUG    | hcaptcha_challenger.core:log:315 - >> Challenge [ArmorCaptcha] Checkout - status=再试一次
2022-12-27 14:28:26.559 | DEBUG    | hcaptcha_challenger.core:log:315 - >> Challenge [ArmorCaptcha] 获取响应 - desc=继续挑战(continue)
2022-12-27 14:28:28.561 | CRITICAL | services.bricklayer.core:refresh_ctx_cookies:717 - >> MISS [CookieManager] Identity token update failed
2022-12-27 14:28:34.276 | INFO     | services.bricklayer.core:load_ctx_cookies:659 - >> LOAD [CookieManager] Load context cookie
2022-12-27 14:28:34.277 | INFO     | services.explorer.explorer:get_oder_history:216 - 初始化订单数据
2022-12-27 14:28:34.434 | ERROR    | services.explorer.explorer:get_order_history:142 - Failed to get order history, cookie may have expired
Traceback (most recent call last):
  File "/home/runner/work/gamer/gamer/epic/src/main.py", line 11, in <module>
    Fire(Scaffold)
  File "/opt/hostedtoolcache/Python/3.10.9/x64/lib/python3.10/site-packages/fire/core.py", line 141, in Fire
    component_trace = _Fire(component, args, parsed_flag_args, context, name)
  File "/opt/hostedtoolcache/Python/3.10.9/x64/lib/python3.10/site-packages/fire/core.py", line 466, in _Fire
    component, remaining_args = _CallAndUpdateTrace(
  File "/opt/hostedtoolcache/Python/3.10.9/x64/lib/python3.10/site-packages/fire/core.py", line 681, in _CallAndUpdateTrace
    component = fn(*varargs, **kwargs)
  File "/home/runner/work/gamer/gamer/epic/src/services/scaffold.py", line 138, in claim
    claimer.run(silence=silence, log_ignore=ignore, unreal=unreal)
  File "/home/runner/work/gamer/gamer/epic/src/apis/scaffold/claimer.py", line 26, in run
    ClaimerScheduler(silence=silence, unreal=unreal).job_loop_claim(log_ignore)
  File "/home/runner/work/gamer/gamer/epic/src/services/deploy.py", line 112, in job_loop_claim
    claimer.just_do_it()
  File "/home/runner/work/gamer/gamer/epic/src/services/deploy.py", line 309, in just_do_it
    fire(
  File "/home/runner/work/gamer/gamer/epic/src/services/utils/toolbox.py", line 84, in fire
    container(context)
  File "/home/runner/work/gamer/gamer/epic/src/services/deploy.py", line 301, in run
    promotions = self.preload()
  File "/home/runner/work/gamer/gamer/epic/src/services/deploy.py", line 269, in preload
    self.ph.get_oder_history(ctx_cookies=self._ctx_cookies)
  File "/home/runner/work/gamer/gamer/epic/src/services/explorer/explorer.py", line 219, in get_oder_history
    if resp := explorer.get_order_history(ctx_cookies):
> File "/home/runner/work/gamer/gamer/epic/src/services/explorer/explorer.py", line 140, in get_order_history
    raise RequestException("Failed to get order history, cookie may have expired")
requests.exceptions.RequestException: Failed to get order history, cookie may have expired
2022-12-27 14:28:34.718 | DEBUG    | services.deploy:preload:286 - >> Checkout [GameClaimer] F.I.S.T.: Forged In Shadow Torch - state=待认领 link=https://store.epicgames.com/zh-CN/p/fist-forged-in-shadow-torch
2022-12-27 14:28:38.324 | DEBUG    | services.bricklayer.game:purchase_status:113 - >> Checkout [GameClaimer] F.I.S.T.: Forged In Shadow Torch - state=获取 link=https://store.epicgames.com/zh-CN/p/fist-forged-in-shadow-torch
2022-12-27 14:28:38.838 | INFO     | services.bricklayer.game:get_free_game:152 - [🔖] 已激活商品页零元购订单
2022-12-27 14:28:38.859 | DEBUG    | services.bricklayer.core:cart_handle_payment:556 - [🛵] 处理购物订单...
2022-12-27 14:29:14.039 | ERROR    | services.scaffold:claim:138 - An error has been caught in function 'claim', process 'MainProcess' (1866), thread 'MainThread' (140707879885888):
Traceback (most recent call last):
  File "/home/runner/work/gamer/gamer/epic/src/main.py", line 11, in <module>
    Fire(Scaffold)
  File "/opt/hostedtoolcache/Python/3.10.9/x64/lib/python3.10/site-packages/fire/core.py", line 141, in Fire
    component_trace = _Fire(component, args, parsed_flag_args, context, name)
  File "/opt/hostedtoolcache/Python/3.10.9/x64/lib/python3.10/site-packages/fire/core.py", line 466, in _Fire
    component, remaining_args = _CallAndUpdateTrace(
  File "/opt/hostedtoolcache/Python/3.10.9/x64/lib/python3.10/site-packages/fire/core.py", line 681, in _CallAndUpdateTrace
    component = fn(*varargs, **kwargs)
> File "/home/runner/work/gamer/gamer/epic/src/services/scaffold.py", line 138, in claim
    claimer.run(silence=silence, log_ignore=ignore, unreal=unreal)
  File "/home/runner/work/gamer/gamer/epic/src/apis/scaffold/claimer.py", line 26, in run
    ClaimerScheduler(silence=silence, unreal=unreal).job_loop_claim(log_ignore)
  File "/home/runner/work/gamer/gamer/epic/src/services/deploy.py", line 112, in job_loop_claim
    claimer.just_do_it()
  File "/home/runner/work/gamer/gamer/epic/src/services/deploy.py", line 309, in just_do_it
    fire(
  File "/home/runner/work/gamer/gamer/epic/src/services/utils/toolbox.py", line 84, in fire
    container(context)
  File "/home/runner/work/gamer/gamer/epic/src/services/deploy.py", line 305, in run
    result = empower_games_claimer(self.bricklayer, promotion.url, page, pattern="get")
  File "/home/runner/work/gamer/gamer/epic/src/services/bricklayer/game.py", line 170, in empower_games_claimer
    return claimer.get_free_game(page_link=page_link, page=page, pattern=pattern)
  File "/home/runner/work/gamer/gamer/epic/src/services/bricklayer/game.py", line 157, in get_free_game
    self.cart_handle_payment(page)  # mode: get
  File "/home/runner/work/gamer/gamer/epic/src/services/bricklayer/core.py", line 557, in cart_handle_payment
    if self._click_order_button(page):  # cart_handle_payment
  File "/home/runner/work/gamer/gamer/epic/src/services/bricklayer/core.py", line 456, in _click_order_button
    payment_btn.click()
  File "/opt/hostedtoolcache/Python/3.10.9/x64/lib/python3.10/site-packages/playwright/sync_api/_generated.py", line 13519, in click
    self._sync(
  File "/opt/hostedtoolcache/Python/3.10.9/x64/lib/python3.10/site-packages/playwright/_impl/_sync_base.py", line 104, in _sync
    return task.result()
  File "/opt/hostedtoolcache/Python/3.10.9/x64/lib/python3.10/site-packages/playwright/_impl/_locator.py", line 149, in click
    return await self._frame.click(self._selector, strict=True, **params)
  File "/opt/hostedtoolcache/Python/3.10.9/x64/lib/python3.10/site-packages/playwright/_impl/_frame.py", line 484, in click
    await self._channel.send("click", locals_to_params(locals()))
  File "/opt/hostedtoolcache/Python/3.10.9/x64/lib/python3.10/site-packages/playwright/_impl/_connection.py", line 43, in send
    return await self._connection.wrap_api_call(
  File "/opt/hostedtoolcache/Python/3.10.9/x64/lib/python3.10/site-packages/playwright/_impl/_connection.py", line 396, in wrap_api_call
    return await cb()
  File "/opt/hostedtoolcache/Python/3.10.9/x64/lib/python3.10/site-packages/playwright/_impl/_connection.py", line 78, in inner_send
    result = next(iter(done)).result()
playwright._impl._api_types.TimeoutError: Timeout 30000ms exceeded.
=========================== logs ===========================
  waiting for frame "xpath=//div[@id='webPurchaseContainer']//iframe"
============================================================
2022-12-28 09:46:20.125 | INFO     | services.deploy:job_loop_claim:104 - >> STARTUP [AwesomeScheduler] SynergyTunnel - version=0.4.4-dev Pattern=False
2022-12-28 09:46:21.598 | INFO     | services.bricklayer.core:refresh_ctx_cookies:691 - >> MATCH [__context__] 🎮启动挑战者上下文
2022-12-28 09:46:21.662 | INFO     | services.bricklayer.core:login:491 - >> MATCH [CookieManager] 刷新令牌
2022-12-28 09:46:34.175 | INFO     | services.bricklayer.core:login:526 - >> MATCH [CookieManager] 实体信息注入完毕
2022-12-28 09:46:34.176 | INFO     | services.bricklayer.core:fall_in_captcha_login:36 - >> ARMOR [ArmorUtils] 正在检测隐藏在登录界面的人机挑战...
2022-12-28 09:46:36.509 | DEBUG    | hcaptcha_challenger.core:log:315 - >> Challenge [ArmorCaptcha] Get label - label=「刺猬在岩石上」
2022-12-28 09:46:36.510 | DEBUG    | hcaptcha_challenger.core:log:315 - >> Challenge [ArmorCaptcha] 正在编排索引
2022-12-28 09:46:37.260 | DEBUG    | hcaptcha_challenger.core:log:315 - >> Challenge [ArmorCaptcha] 正在下载挑战图片
2022-12-28 09:46:38.566 | DEBUG    | hcaptcha_challenger.core:log:315 - >> Challenge [ArmorCaptcha] Download challenge images - timeit=1.31s
2022-12-28 09:46:38.855 | DEBUG    | hcaptcha_challenger._solutions.kernel:_request_asset:320 - Downloading hedgehog_on_rocks.onnx from https://github.com/QIN2DIM/hcaptcha-challenger/releases/download/model/hedgehog_on_rocks.onnx
2022-12-28 09:46:41.932 | DEBUG    | hcaptcha_challenger.core:log:315 - >> Challenge [ArmorCaptcha] Submit the challenge - hedgehog_on_rocks(ResNet)_model: 1.52s
2022-12-28 09:46:41.951 | DEBUG    | hcaptcha_challenger.core:log:315 - >> Challenge [ArmorCaptcha] 获取响应 - desc=继续挑战(continue)
2022-12-28 09:46:43.980 | DEBUG    | hcaptcha_challenger.core:log:315 - >> Challenge [ArmorCaptcha] Get label - label=「刺猬在岩石上」
2022-12-28 09:46:43.981 | DEBUG    | hcaptcha_challenger.core:log:315 - >> Challenge [ArmorCaptcha] 正在编排索引
2022-12-28 09:46:44.742 | DEBUG    | hcaptcha_challenger.core:log:315 - >> Challenge [ArmorCaptcha] 正在下载挑战图片
2022-12-28 09:46:45.882 | DEBUG    | hcaptcha_challenger.core:log:315 - >> Challenge [ArmorCaptcha] Download challenge images - timeit=1.14s
2022-12-28 09:46:48.454 | DEBUG    | hcaptcha_challenger.core:log:315 - >> Challenge [ArmorCaptcha] Submit the challenge - hedgehog_on_rocks(ResNet)_model: 0.7s
2022-12-28 09:46:48.478 | DEBUG    | hcaptcha_challenger.core:log:315 - >> Challenge [ArmorCaptcha] Checkout - status=再试一次
2022-12-28 09:46:48.480 | DEBUG    | hcaptcha_challenger.core:log:315 - >> Challenge [ArmorCaptcha] 获取响应 - desc=继续挑战(continue)
2022-12-28 09:46:50.483 | INFO     | services.bricklayer.core:login:491 - >> MATCH [CookieManager] 刷新令牌
2022-12-28 09:47:01.865 | INFO     | services.bricklayer.core:login:526 - >> MATCH [CookieManager] 实体信息注入完毕
2022-12-28 09:47:01.866 | INFO     | services.bricklayer.core:fall_in_captcha_login:36 - >> ARMOR [ArmorUtils] 正在检测隐藏在登录界面的人机挑战...
2022-12-28 09:47:04.069 | DEBUG    | hcaptcha_challenger.core:log:315 - >> Challenge [ArmorCaptcha] Get label - label=「向日葵」
2022-12-28 09:47:04.070 | DEBUG    | hcaptcha_challenger.core:log:315 - >> Challenge [ArmorCaptcha] 正在编排索引
2022-12-28 09:47:04.552 | DEBUG    | hcaptcha_challenger.core:log:315 - >> Challenge [ArmorCaptcha] 正在下载挑战图片
2022-12-28 09:47:05.601 | DEBUG    | hcaptcha_challenger.core:log:315 - >> Challenge [ArmorCaptcha] Download challenge images - timeit=1.05s
2022-12-28 09:47:05.604 | DEBUG    | hcaptcha_challenger._solutions.kernel:_request_asset:320 - Downloading sunflower.onnx from https://github.com/QIN2DIM/hcaptcha-challenger/releases/download/model/sunflower.onnx
2022-12-28 09:47:07.699 | DEBUG    | hcaptcha_challenger.core:log:315 - >> Challenge [ArmorCaptcha] Submit the challenge - sunflower(ResNet)_model: 0.37s
2022-12-28 09:47:07.720 | DEBUG    | hcaptcha_challenger.core:log:315 - >> Challenge [ArmorCaptcha] 获取响应 - desc=继续挑战(continue)
2022-12-28 09:47:09.738 | DEBUG    | hcaptcha_challenger.core:log:315 - >> Challenge [ArmorCaptcha] Get label - label=「向日葵」
2022-12-28 09:47:09.738 | DEBUG    | hcaptcha_challenger.core:log:315 - >> Challenge [ArmorCaptcha] 正在编排索引
2022-12-28 09:47:11.175 | DEBUG    | hcaptcha_challenger.core:log:315 - >> Challenge [ArmorCaptcha] 正在下载挑战图片
2022-12-28 09:47:12.178 | DEBUG    | hcaptcha_challenger.core:log:315 - >> Challenge [ArmorCaptcha] Download challenge images - timeit=1.0s
2022-12-28 09:47:13.837 | DEBUG    | hcaptcha_challenger.core:log:315 - >> Challenge [ArmorCaptcha] Submit the challenge - sunflower(ResNet)_model: 0.01s
2022-12-28 09:47:13.860 | DEBUG    | hcaptcha_challenger.core:log:315 - >> Challenge [ArmorCaptcha] Checkout - status=再试一次
2022-12-28 09:47:13.860 | DEBUG    | hcaptcha_challenger.core:log:315 - >> Challenge [ArmorCaptcha] 获取响应 - desc=继续挑战(continue)
2022-12-28 09:47:15.864 | INFO     | services.bricklayer.core:login:491 - >> MATCH [CookieManager] 刷新令牌
2022-12-28 09:47:30.319 | INFO     | services.bricklayer.core:login:526 - >> MATCH [CookieManager] 实体信息注入完毕
2022-12-28 09:47:30.319 | INFO     | services.bricklayer.core:fall_in_captcha_login:36 - >> ARMOR [ArmorUtils] 正在检测隐藏在登录界面的人机挑战...
2022-12-28 09:47:32.464 | DEBUG    | hcaptcha_challenger.core:log:315 - >> Challenge [ArmorCaptcha] Get label - label=「向日葵」
2022-12-28 09:47:32.464 | DEBUG    | hcaptcha_challenger.core:log:315 - >> Challenge [ArmorCaptcha] 正在编排索引
2022-12-28 09:47:33.094 | DEBUG    | hcaptcha_challenger.core:log:315 - >> Challenge [ArmorCaptcha] 正在下载挑战图片
2022-12-28 09:47:34.569 | DEBUG    | hcaptcha_challenger.core:log:315 - >> Challenge [ArmorCaptcha] Download challenge images - timeit=1.48s
2022-12-28 09:47:36.638 | DEBUG    | hcaptcha_challenger.core:log:315 - >> Challenge [ArmorCaptcha] Submit the challenge - sunflower(ResNet)_model: 0.01s
2022-12-28 09:47:36.654 | DEBUG    | hcaptcha_challenger.core:log:315 - >> Challenge [ArmorCaptcha] 获取响应 - desc=继续挑战(continue)
2022-12-28 09:47:48.807 | ERROR    | services.scaffold:claim:138 - An error has been caught in function 'claim', process 'MainProcess' (1817), thread 'MainThread' (139950225042304):
Traceback (most recent call last):
  File "/home/runner/work/gamer/gamer/epic/src/services/bricklayer/core.py", line 81, in get_label
    self.prompt = frame_challenge.locator("//h2[@class='prompt-text']").text_content(
  File "/opt/hostedtoolcache/Python/3.10.9/x64/lib/python3.10/site-packages/playwright/sync_api/_generated.py", line 15059, in text_content
    self._sync(self._impl_obj.text_content(timeout=timeout))
  File "/opt/hostedtoolcache/Python/3.10.9/x64/lib/python3.10/site-packages/playwright/_impl/_sync_base.py", line 104, in _sync
    return task.result()
  File "/opt/hostedtoolcache/Python/3.10.9/x64/lib/python3.10/site-packages/playwright/_impl/_locator.py", line 526, in text_content
    return await self._frame.text_content(
  File "/opt/hostedtoolcache/Python/3.10.9/x64/lib/python3.10/site-packages/playwright/_impl/_frame.py", line 598, in text_content
    return await self._channel.send("textContent", locals_to_params(locals()))
  File "/opt/hostedtoolcache/Python/3.10.9/x64/lib/python3.10/site-packages/playwright/_impl/_connection.py", line 43, in send
    return await self._connection.wrap_api_call(
  File "/opt/hostedtoolcache/Python/3.10.9/x64/lib/python3.10/site-packages/playwright/_impl/_connection.py", line 396, in wrap_api_call
    return await cb()
  File "/opt/hostedtoolcache/Python/3.10.9/x64/lib/python3.10/site-packages/playwright/_impl/_connection.py", line 78, in inner_send
    result = next(iter(done)).result()
playwright._impl._api_types.TimeoutError: Timeout 10000ms exceeded.
=========================== logs ===========================
  waiting for frame "xpath=//iframe[contains(@title, 'hCaptcha挑战')]"
  selector resolved to hidden <iframe scrolling="no" frameborder="0" aria-hidden="true…></iframe>
waiting for selector "//iframe[contains(@title, 'hCaptcha挑战')] >> internal:control=enter-frame >> //h2[@class='prompt-text']"
============================================================

During handling of the above exception, another exception occurred:

Traceback (most recent call last):
  File "/home/runner/work/gamer/gamer/epic/src/main.py", line 11, in <module>
    Fire(Scaffold)
  File "/opt/hostedtoolcache/Python/3.10.9/x64/lib/python3.10/site-packages/fire/core.py", line 141, in Fire
    component_trace = _Fire(component, args, parsed_flag_args, context, name)
  File "/opt/hostedtoolcache/Python/3.10.9/x64/lib/python3.10/site-packages/fire/core.py", line 466, in _Fire
    component, remaining_args = _CallAndUpdateTrace(
  File "/opt/hostedtoolcache/Python/3.10.9/x64/lib/python3.10/site-packages/fire/core.py", line 681, in _CallAndUpdateTrace
    component = fn(*varargs, **kwargs)
> File "/home/runner/work/gamer/gamer/epic/src/services/scaffold.py", line 138, in claim
    claimer.run(silence=silence, log_ignore=ignore, unreal=unreal)
  File "/home/runner/work/gamer/gamer/epic/src/apis/scaffold/claimer.py", line 26, in run
    ClaimerScheduler(silence=silence, unreal=unreal).job_loop_claim(log_ignore)
  File "/home/runner/work/gamer/gamer/epic/src/services/deploy.py", line 112, in job_loop_claim
    claimer.just_do_it()
  File "/home/runner/work/gamer/gamer/epic/src/services/deploy.py", line 309, in just_do_it
    fire(
  File "/home/runner/work/gamer/gamer/epic/src/services/utils/toolbox.py", line 84, in fire
    container(context)
  File "/home/runner/work/gamer/gamer/epic/src/services/bricklayer/core.py", line 708, in refresh_ctx_cookies
    resp = self.armor.anti_hcaptcha(page, window="login", recur_url=recur_url)
  File "/home/runner/work/gamer/gamer/epic/src/services/bricklayer/core.py", line 251, in anti_hcaptcha
    self.get_label(frame_challenge)
  File "/home/runner/work/gamer/gamer/epic/src/services/bricklayer/core.py", line 85, in get_label
    raise ChallengePassed("Man-machine challenge unexpectedly passed")
hcaptcha_challenger.exceptions.ChallengePassed: Message: Man-machine challenge unexpectedly passed

